-------------------------------------------------- Sample output without emails:

 16013001 10213064 [Alumni - Fisika]
Rizky Ayu Ryani Putri

 16013002 10213018 [Alumni - Fisika]
Ardi Mohamad

 16013003 10513066 [Alumni - Kimia]
Fonna Dista Maisa Pusporini

 16013004 10113002 [Alumni - Matematika]
Alissa Rani Putri

 16013005 10213022 [Alumni - Fisika]
Kevin Frankly Samuel Pardede

 16013006 10213033 [Mahasiswa - Fisika]
Rio Harapan Pangihutan

 16013007 10513090 [Alumni - Kimia]
Intan Mulyani

 16013008 10113071 [Alumni - Matematika]
Nidya Inayatul Ghaida

 16013009 10313006 [Alumni - Astronomi]
Herna Fahriyah

 16013010 10513057 [Alumni - Kimia]
Kurnia Erfan

 16013011 10213077 [Alumni - Fisika]
Wahyu Hartanto

 16013012 10213021 [Mahasiswa - Fisika]
Ghiyaats Muhammad

 16013013 10513032 [Alumni - Kimia]
Aidah Fithriah

 16013014 10313005 [Alumni - Astronomi]
Rr Elma Nandira Maharani

 16013015 10513030 [Mahasiswa - Kimia]
Eduwardo

 16013016 10113051 [Mahasiswa - Matematika]
Maynard Raymond Tutuarima

 16013017 10113041 [Alumni - Matematika]
Rizti Silwari

 16013018 10213034 [Mahasiswa - Fisika]
Muhammad Fauzan Girindra

 16013019 10213009 [Mahasiswa - Fisika]
Putri Nawangtari

 16013020 10113017 [Mahasiswa - Matematika]
Mila Isti Riani

 16013021 10113073 [Mahasiswa - Matematika]
Felita Ariella Mustika

 16013022 10513052 [Alumni - Kimia]
Shinta Ellisya Fauzia

 16013023 10113019 [Alumni - Matematika]
Sella Tiana Pramestuti

 16013024 10113059 [Alumni - Matematika]
Debbie Angelia Susanti

 16013025 10513068 [Mahasiswa - Kimia]
Andini Lestari

 16013026 10113096 [Alumni - Matematika]
Felicia Margareta

 16013027 10313013 [Alumni - Astronomi]
Bertho Cristofer Sianturi

 16013028 10213086 [Mahasiswa - Fisika]
Atari Rizki Naulia

 16013029 10213007 [Mahasiswa - Fisika]
Rizky Murtiaafi Irianto

 16013030  [Alumni - Tahap Tahun Pertama FMIPA]
Pungki Yunita Chandrasari

 16013031 10113006 [Mahasiswa - Matematika]
Nancy De Menzelthe

 16013032 10513031 [Alumni - Kimia]
Annisa Purnomo

 16013033 10513050 [Mahasiswa - Kimia]
Muhammad Hairuddin

 16013034 10113015 [Mahasiswa - Matematika]
Yusuf Abdul Malik Jauhari

 16013035 10113060 [Alumni - Matematika]
Christine Julaisa Saragih

 16013036 10113068 [Alumni - Matematika]
Ardina Trivera Kurniawati

 16013037 10113034 [Alumni - Matematika]
Neli Alfi Munaya

 16013038 10113094 [Alumni - Matematika]
Dwi Puji Tristanti

 16013039 10513035 [Mahasiswa - Kimia]
Aviv Sigit Cahyono

 16013040 10113076 [Alumni - Matematika]
Gardhani Muhammad Issaac

-------------------------------------------------- Process stopped from here on.